<?xml version="1.0" encoding="UTF-8"?>
<!-- Generated by org.testng.reporters.JUnitReportReporter -->
<testsuite skipped="0" hostname="DESKTOP-803K56V" name="com.qa.surveymonkey.tests.HomePageTest" tests="4" failures="0" timestamp="26 Nov 2020 01:23:13 GMT" time="2.587" errors="0">
  <testcase name="verifyHomePageTitle" time="0.430" classname="com.qa.surveymonkey.tests.HomePageTest"/>
  <testcase name="verifyHomePageHeader" time="0.809" classname="com.qa.surveymonkey.tests.HomePageTest"/>
  <testcase name="verifyThatUserLoggedIn" time="0.660" classname="com.qa.surveymonkey.tests.HomePageTest"/>
  <testcase name="mySurveysLinkText" time="0.688" classname="com.qa.surveymonkey.tests.HomePageTest"/>
</testsuite> <!-- com.qa.surveymonkey.tests.HomePageTest -->
