<?xml version="1.0" encoding="UTF-8"?>
<!-- Generated by org.testng.reporters.JUnitReportReporter -->
<testsuite skipped="0" hostname="DESKTOP-803K56V" name="com.qa.surveymonkey.tests.LoginPageTest" tests="3" failures="0" timestamp="26 Nov 2020 01:23:13 GMT" time="6.263" errors="0">
  <testcase name="verifySignUpLinkTest" time="1.112" classname="com.qa.surveymonkey.tests.LoginPageTest"/>
  <testcase name="verifyLoginPageTitleTest" time="0.028" classname="com.qa.surveymonkey.tests.LoginPageTest"/>
  <testcase name="loginTest" time="5.123" classname="com.qa.surveymonkey.tests.LoginPageTest"/>
</testsuite> <!-- com.qa.surveymonkey.tests.LoginPageTest -->
