<?xml version="1.0" encoding="UTF-8"?>
<!-- Generated by org.testng.reporters.JUnitReportReporter -->
<testsuite skipped="1" hostname="DESKTOP-803K56V" name="com.qa.surveymonkey.tests.LoginPageTest" tests="1" failures="0" timestamp="26 Nov 2020 01:29:54 GMT" time="0.000" errors="0">
  <testcase name="verifySignUpLinkTest" time="0.000" classname="com.qa.surveymonkey.tests.LoginPageTest">
    <skipped/>
  </testcase> <!-- verifySignUpLinkTest -->
</testsuite> <!-- com.qa.surveymonkey.tests.LoginPageTest -->
